app/build/intermediates/manifest_merge_blame_file/debug/manifest-merger-blame-debug-report.txt
1<?xml version="1.0" encoding="utf-8"?>
2<manifest xmlns:android="http://schemas.android.com/apk/res/android"
3    package="com.tencent.yolov8ncnn"
4    android:versionCode="1"
5    android:versionName="1.1" >
6
7    <uses-sdk
8        android:minSdkVersion="24"
8-->src\main\AndroidManifest.xml
9        android:targetSdkVersion="24" />
9-->src\main\AndroidManifest.xml
10
11    <uses-permission android:name="android.permission.CAMERA" />
11-->src\main\AndroidManifest.xml:6:5-65
11-->src\main\AndroidManifest.xml:6:22-62
12
13    <uses-feature android:name="android.hardware.camera2.full" />
13-->src\main\AndroidManifest.xml:7:5-66
13-->src\main\AndroidManifest.xml:7:19-63
14    <uses-feature
14-->src\main\AndroidManifest.xml:8:5-10:36
15        android:name="android.hardware.camera"
15-->src\main\AndroidManifest.xml:9:9-47
16        android:required="false" />
16-->src\main\AndroidManifest.xml:10:9-33
17
18    <application
18-->src\main\AndroidManifest.xml:12:5-27:19
19        android:debuggable="true"
20        android:extractNativeLibs="false"
21        android:icon="@drawable/logo"
21-->src\main\AndroidManifest.xml:12:51-80
22        android:label="@string/app_name" >
22-->src\main\AndroidManifest.xml:12:18-50
23        <activity android:name="com.tencent.yolov8ncnn.DetectorActivity" />
23-->src\main\AndroidManifest.xml:14:9-54
23-->src\main\AndroidManifest.xml:14:19-51
24        <activity android:name="com.tencent.yolov8ncnn.HomeActivity" />
24-->src\main\AndroidManifest.xml:15:9-50
24-->src\main\AndroidManifest.xml:15:19-47
25        <activity android:name="com.tencent.yolov8ncnn.AbjadBisindoActivity" />
25-->src\main\AndroidManifest.xml:16:9-58
25-->src\main\AndroidManifest.xml:16:19-55
26        <activity android:name="com.tencent.yolov8ncnn.AboutActivity" />
26-->src\main\AndroidManifest.xml:17:9-51
26-->src\main\AndroidManifest.xml:17:19-48
27        <activity android:name="com.tencent.yolov8ncnn.CallingNameActivity" />
27-->src\main\AndroidManifest.xml:18:9-57
27-->src\main\AndroidManifest.xml:18:19-54
28        <activity android:name="com.tencent.yolov8ncnn.KosakataActivity" />
28-->src\main\AndroidManifest.xml:19:9-54
28-->src\main\AndroidManifest.xml:19:19-51
29        <activity android:name="com.tencent.yolov8ncnn.MoreInfoActivity" />
29-->src\main\AndroidManifest.xml:20:9-54
29-->src\main\AndroidManifest.xml:20:19-51
30        <activity android:name="com.tencent.yolov8ncnn.SplashScreenActivity" >
30-->src\main\AndroidManifest.xml:21:9-26:20
30-->src\main\AndroidManifest.xml:21:19-55
31            <intent-filter>
31-->src\main\AndroidManifest.xml:22:13-25:29
32                <action android:name="android.intent.action.MAIN" />
32-->src\main\AndroidManifest.xml:23:17-69
32-->src\main\AndroidManifest.xml:23:25-66
33
34                <category android:name="android.intent.category.LAUNCHER" />
34-->src\main\AndroidManifest.xml:24:17-77
34-->src\main\AndroidManifest.xml:24:27-74
35            </intent-filter>
36        </activity>
37    </application>
38
39</manifest>